2018-02-21 12:17:31 [scrapy.utils.log] INFO: Scrapy 1.5.0 started (bot: lagou_cs)
2018-02-21 12:17:31 [scrapy.utils.log] INFO: Versions: lxml 2.3.0.0, libxml2 2.7.7, cssselect 1.0.3, parsel 1.4.0, w3lib 1.19.0, Twisted 17.9.0, Python 2.7.10 (default, May 23 2015, 09:44:00) [MSC v.1500 64 bit (AMD64)], pyOpenSSL 17.5.0 (OpenSSL 1.1.0g  2 Nov 2017), cryptography 2.1.4, Platform Windows-8-6.2.9200
2018-02-21 12:17:31 [scrapy.crawler] INFO: Overridden settings: {'NEWSPIDER_MODULE': 'lagou_cs.spiders', 'SPIDER_MODULES': ['lagou_cs.spiders'], 'LOG_FILE': 'lagouSpider.log', 'LOG_LEVEL': 'INFO', 'BOT_NAME': 'lagou_cs'}
2018-02-21 12:17:31 [scrapy.middleware] INFO: Enabled extensions:
['scrapy.extensions.logstats.LogStats',
 'scrapy.extensions.telnet.TelnetConsole',
 'scrapy.extensions.corestats.CoreStats']
2018-02-21 12:17:31 [scrapy.middleware] INFO: Enabled downloader middlewares:
['scrapy.downloadermiddlewares.httpauth.HttpAuthMiddleware',
 'scrapy.downloadermiddlewares.downloadtimeout.DownloadTimeoutMiddleware',
 'scrapy.downloadermiddlewares.defaultheaders.DefaultHeadersMiddleware',
 'scrapy.downloadermiddlewares.useragent.UserAgentMiddleware',
 'scrapy.downloadermiddlewares.retry.RetryMiddleware',
 'scrapy.downloadermiddlewares.redirect.MetaRefreshMiddleware',
 'scrapy.downloadermiddlewares.httpcompression.HttpCompressionMiddleware',
 'scrapy.downloadermiddlewares.redirect.RedirectMiddleware',
 'scrapy.downloadermiddlewares.cookies.CookiesMiddleware',
 'scrapy.downloadermiddlewares.httpproxy.HttpProxyMiddleware',
 'scrapy.downloadermiddlewares.stats.DownloaderStats']
2018-02-21 12:17:31 [scrapy.middleware] INFO: Enabled spider middlewares:
['scrapy.spidermiddlewares.httperror.HttpErrorMiddleware',
 'scrapy.spidermiddlewares.offsite.OffsiteMiddleware',
 'scrapy.spidermiddlewares.referer.RefererMiddleware',
 'scrapy.spidermiddlewares.urllength.UrlLengthMiddleware',
 'scrapy.spidermiddlewares.depth.DepthMiddleware']
2018-02-21 12:17:31 [scrapy.middleware] INFO: Enabled item pipelines:
['lagou_cs.pipelines.LagouCsPipeline']
2018-02-21 12:17:31 [scrapy.core.engine] INFO: Spider opened
2018-02-21 12:17:31 [scrapy.extensions.logstats] INFO: Crawled 0 pages (at 0 pages/min), scraped 0 items (at 0 items/min)
2018-02-21 12:17:33 [scrapy.core.engine] INFO: Closing spider (finished)
2018-02-21 12:17:33 [scrapy.statscollectors] INFO: Dumping Scrapy stats:
{'downloader/request_bytes': 3658,
 'downloader/request_count': 9,
 'downloader/request_method_count/GET': 9,
 'downloader/response_bytes': 70929,
 'downloader/response_count': 9,
 'downloader/response_status_count/200': 4,
 'downloader/response_status_count/301': 1,
 'downloader/response_status_count/302': 4,
 'dupefilter/filtered': 5,
 'finish_reason': 'finished',
 'finish_time': datetime.datetime(2018, 2, 21, 4, 17, 33, 72000),
 'item_scraped_count': 30,
 'log_count/INFO': 7,
 'request_depth_max': 2,
 'response_received_count': 4,
 'scheduler/dequeued': 9,
 'scheduler/dequeued/memory': 9,
 'scheduler/enqueued': 9,
 'scheduler/enqueued/memory': 9,
 'start_time': datetime.datetime(2018, 2, 21, 4, 17, 31, 547000)}
2018-02-21 12:17:33 [scrapy.core.engine] INFO: Spider closed (finished)
